[dotenv@17.3.1] injecting env (17) from .env -- tip: ΓÜí∩╕Å secrets for agents: https://dotenvx.com/as2
--- INITIATING MISSION 500: NGN 2026 ELITE GENERATION ---
Active Keys: 14 | Target: 500 Items
[1/500] [Key 1] Generating matrixMatch on Advanced Hemodynamics (Arterial Line/CVP)...
[2/500] [Key 2] Generating graphic on Digital Privacy & Ethics...
[3/500] [Key 3] Generating trend on Psychiatric Crises / Suicide Risk...
[4/500] [Key 4] Generating dragAndDropCloze on Renal Failure & Hyperkalemia...
[5/500] [Key 5] Generating selectAll on Health Equity / SDOH in Discharge Planning...
ERROR at [5/500]: 429: {
  "error": {
    "code": 429,
    "message": "Resource exhausted. Please try again later. Please refer to https://cloud.google.com/vertex-ai/generative-ai/docs/error-code-429 for more details.",
    "status": "RESOURCE_EXHAUSTED"
  }
}

[5/500] [Key 6] Generating clozeDropdown on Psychiatric Crises / Suicide Risk...
[6/500] [Key 7] Generating graphic on Heparin/Warfarin Anticoagulation Safety...
[7/500] [Key 8] Generating selectAll on Preeclampsia/Eclampsia (HELLP)...
[8/500] [Key 9] Generating trend on Digital Privacy & Ethics...
[9/500] [Key 10] Generating trend on Acute Coronary Syndrome / MI...
ERROR at [9/500]: 429: {
  "error": {
    "code": 429,
    "message": "Resource exhausted. Please try again later. Please refer to https://cloud.google.com/vertex-ai/generative-ai/docs/error-code-429 for more details.",
    "status": "RESOURCE_EXHAUSTED"
  }
}

[9/500] [Key 11] Generating orderedResponse on Tension Pneumothorax / Chest Tubes...
[10/500] [Key 12] Generating matrixMatch on Health Equity / SDOH in Discharge Planning...
[11/500] [Key 13] Generating orderedResponse on Acute Coronary Syndrome / MI...
[12/500] [Key 14] Generating matrixMatch on Renal Failure & Hyperkalemia...
[13/500] [Key 1] Generating highlight on Preeclampsia/Eclampsia (HELLP)...
[14/500] [Key 2] Generating selectAll on Heparin/Warfarin Anticoagulation Safety...
[15/500] [Key 3] Generating hotspot on Acute Respiratory Distress Syndrome (ARDS)...
